Agregador: FEDAVG
Dispositivo: cuda
Config cargada desde: C:\Users\maria\Desktop\UNI\TGF\TFG\escenarios\non_iid\config_non_iid.yaml
Número de hospitales: 5
Hospitales: ['Hospital_1', 'Hospital_2', 'Hospital_3', 'Hospital_4', 'Hospital_5']
Rondas federadas: 5
Épocas locales por ronda: 5
Fracción de clientes por ronda: 1.0
Semilla aleatoria: 42
Learning rate: 0.001

==============================
RONDA FEDERADA 1/5
==============================
Hospitales seleccionados en esta ronda: ['Hospital_1', 'Hospital_5', 'Hospital_3', 'Hospital_2', 'Hospital_4']

Entrenamiento local en Hospital_1...
Train: 14587 | Val: 2915 | Test: 1952
Local epoch 1/5 en Hospital_1
Local epoch 2/5 en Hospital_1
Local epoch 3/5 en Hospital_1
Local epoch 4/5 en Hospital_1
Local epoch 5/5 en Hospital_1
Hospital_1 -> Train Loss: 0.3412 | Train Acc: 0.9596

Entrenamiento local en Hospital_5...
Train: 8384 | Val: 1676 | Test: 1121
Local epoch 1/5 en Hospital_5
Local epoch 2/5 en Hospital_5
Local epoch 3/5 en Hospital_5
Local epoch 4/5 en Hospital_5
Local epoch 5/5 en Hospital_5
Hospital_5 -> Train Loss: 0.3877 | Train Acc: 0.8907

Entrenamiento local en Hospital_3...
Train: 345 | Val: 68 | Test: 50
Local epoch 1/5 en Hospital_3
Local epoch 2/5 en Hospital_3
Local epoch 3/5 en Hospital_3
Local epoch 4/5 en Hospital_3
Local epoch 5/5 en Hospital_3
Hospital_3 -> Train Loss: 1.5450 | Train Acc: 0.9913

Entrenamiento local en Hospital_2...
Train: 12233 | Val: 2445 | Test: 1636
Local epoch 1/5 en Hospital_2
Local epoch 2/5 en Hospital_2
Local epoch 3/5 en Hospital_2
Local epoch 4/5 en Hospital_2
Local epoch 5/5 en Hospital_2
Hospital_2 -> Train Loss: 0.0987 | Train Acc: 0.9962

Entrenamiento local en Hospital_4...
Train: 8655 | Val: 1730 | Test: 1157
Local epoch 1/5 en Hospital_4
Local epoch 2/5 en Hospital_4
Local epoch 3/5 en Hospital_4
Local epoch 4/5 en Hospital_4
Local epoch 5/5 en Hospital_4
Hospital_4 -> Train Loss: 0.2211 | Train Acc: 0.9036

5 modelos locales entrenados correctamente.

Agregando con FEDAVG...
Modelo global actualizado con FEDAVG.

=== Evaluación en VALIDACIÓN después de ronda 1 ===

Evaluación en Hospital_1...
Hospital_1 -> Val Loss: 1.4105 | Val Acc: 0.9091

Evaluación en Hospital_2...
Hospital_2 -> Val Loss: 1.4745 | Val Acc: 0.8417

Evaluación en Hospital_3...
Hospital_3 -> Val Loss: 1.4272 | Val Acc: 0.8382

Evaluación en Hospital_4...
Hospital_4 -> Val Loss: 1.6432 | Val Acc: 0.0936

Evaluación en Hospital_5...
Hospital_5 -> Val Loss: 1.8110 | Val Acc: 0.1092

Resultado medio:
Val Loss medio: 1.5533
Val Acc media:  0.5584

Resumen ronda 1:
Val Loss: 1.5533 | Val Acc: 0.5584

==============================
RONDA FEDERADA 2/5
==============================
Hospitales seleccionados en esta ronda: ['Hospital_2', 'Hospital_5', 'Hospital_3', 'Hospital_1', 'Hospital_4']

Entrenamiento local en Hospital_2...
Train: 12233 | Val: 2445 | Test: 1636
Local epoch 1/5 en Hospital_2
Local epoch 2/5 en Hospital_2
Local epoch 3/5 en Hospital_2
Local epoch 4/5 en Hospital_2
Local epoch 5/5 en Hospital_2
Hospital_2 -> Train Loss: 0.0469 | Train Acc: 0.9962

Entrenamiento local en Hospital_5...
Train: 8384 | Val: 1676 | Test: 1121
Local epoch 1/5 en Hospital_5
Local epoch 2/5 en Hospital_5
Local epoch 3/5 en Hospital_5
Local epoch 4/5 en Hospital_5
Local epoch 5/5 en Hospital_5
Hospital_5 -> Train Loss: 0.3238 | Train Acc: 0.8907

Entrenamiento local en Hospital_3...
Train: 345 | Val: 68 | Test: 50
Local epoch 1/5 en Hospital_3
Local epoch 2/5 en Hospital_3
Local epoch 3/5 en Hospital_3
Local epoch 4/5 en Hospital_3
Local epoch 5/5 en Hospital_3
Hospital_3 -> Train Loss: 0.3374 | Train Acc: 0.9913

Entrenamiento local en Hospital_1...
Train: 14587 | Val: 2915 | Test: 1952
Local epoch 1/5 en Hospital_1
Local epoch 2/5 en Hospital_1
Local epoch 3/5 en Hospital_1
Local epoch 4/5 en Hospital_1
Local epoch 5/5 en Hospital_1
Hospital_1 -> Train Loss: 0.1502 | Train Acc: 0.9709

Entrenamiento local en Hospital_4...
Train: 8655 | Val: 1730 | Test: 1157
Local epoch 1/5 en Hospital_4
Local epoch 2/5 en Hospital_4
Local epoch 3/5 en Hospital_4
Local epoch 4/5 en Hospital_4
Local epoch 5/5 en Hospital_4
Hospital_4 -> Train Loss: 0.0808 | Train Acc: 0.9837

5 modelos locales entrenados correctamente.

Agregando con FEDAVG...
Modelo global actualizado con FEDAVG.

=== Evaluación en VALIDACIÓN después de ronda 2 ===

Evaluación en Hospital_1...
Hospital_1 -> Val Loss: 1.2318 | Val Acc: 0.7760

Evaluación en Hospital_2...
Hospital_2 -> Val Loss: 0.8479 | Val Acc: 0.9963

Evaluación en Hospital_3...
Hospital_3 -> Val Loss: 1.1644 | Val Acc: 0.7059

Evaluación en Hospital_4...
Hospital_4 -> Val Loss: 1.4114 | Val Acc: 0.1382

Evaluación en Hospital_5...
Hospital_5 -> Val Loss: 1.8246 | Val Acc: 0.1092

Resultado medio:
Val Loss medio: 1.2960
Val Acc media:  0.5451

Resumen ronda 2:
Val Loss: 1.2960 | Val Acc: 0.5451

==============================
RONDA FEDERADA 3/5
==============================
Hospitales seleccionados en esta ronda: ['Hospital_5', 'Hospital_4', 'Hospital_1', 'Hospital_3', 'Hospital_2']

Entrenamiento local en Hospital_5...
Train: 8384 | Val: 1676 | Test: 1121
Local epoch 1/5 en Hospital_5
Local epoch 2/5 en Hospital_5
Local epoch 3/5 en Hospital_5
Local epoch 4/5 en Hospital_5
Local epoch 5/5 en Hospital_5
Hospital_5 -> Train Loss: 0.2725 | Train Acc: 0.8907

Entrenamiento local en Hospital_4...
Train: 8655 | Val: 1730 | Test: 1157
Local epoch 1/5 en Hospital_4
Local epoch 2/5 en Hospital_4
Local epoch 3/5 en Hospital_4
Local epoch 4/5 en Hospital_4
Local epoch 5/5 en Hospital_4
Hospital_4 -> Train Loss: 0.0584 | Train Acc: 0.9836

Entrenamiento local en Hospital_1...
Train: 14587 | Val: 2915 | Test: 1952
Local epoch 1/5 en Hospital_1
Local epoch 2/5 en Hospital_1
Local epoch 3/5 en Hospital_1
Local epoch 4/5 en Hospital_1
Local epoch 5/5 en Hospital_1
Hospital_1 -> Train Loss: 0.1123 | Train Acc: 0.9764

Entrenamiento local en Hospital_3...
Train: 345 | Val: 68 | Test: 50
Local epoch 1/5 en Hospital_3
Local epoch 2/5 en Hospital_3
Local epoch 3/5 en Hospital_3
Local epoch 4/5 en Hospital_3
Local epoch 5/5 en Hospital_3
Hospital_3 -> Train Loss: 0.1373 | Train Acc: 0.9913

Entrenamiento local en Hospital_2...
Train: 12233 | Val: 2445 | Test: 1636
Local epoch 1/5 en Hospital_2
Local epoch 2/5 en Hospital_2
Local epoch 3/5 en Hospital_2
Local epoch 4/5 en Hospital_2
Local epoch 5/5 en Hospital_2
Hospital_2 -> Train Loss: 0.0385 | Train Acc: 0.9962

5 modelos locales entrenados correctamente.

Agregando con FEDAVG...
Modelo global actualizado con FEDAVG.

=== Evaluación en VALIDACIÓN después de ronda 3 ===

Evaluación en Hospital_1...
Hospital_1 -> Val Loss: 0.9991 | Val Acc: 0.8051

Evaluación en Hospital_2...
Hospital_2 -> Val Loss: 0.5624 | Val Acc: 0.9963

Evaluación en Hospital_3...
Hospital_3 -> Val Loss: 0.9565 | Val Acc: 0.7059

Evaluación en Hospital_4...
Hospital_4 -> Val Loss: 1.1347 | Val Acc: 0.1595

Evaluación en Hospital_5...
Hospital_5 -> Val Loss: 1.8387 | Val Acc: 0.1092

Resultado medio:
Val Loss medio: 1.0983
Val Acc media:  0.5552

Resumen ronda 3:
Val Loss: 1.0983 | Val Acc: 0.5552

==============================
RONDA FEDERADA 4/5
==============================
Hospitales seleccionados en esta ronda: ['Hospital_2', 'Hospital_5', 'Hospital_3', 'Hospital_1', 'Hospital_4']

Entrenamiento local en Hospital_2...
Train: 12233 | Val: 2445 | Test: 1636
Local epoch 1/5 en Hospital_2
Local epoch 2/5 en Hospital_2
Local epoch 3/5 en Hospital_2
Local epoch 4/5 en Hospital_2
Local epoch 5/5 en Hospital_2
Hospital_2 -> Train Loss: 0.0319 | Train Acc: 0.9962

Entrenamiento local en Hospital_5...
Train: 8384 | Val: 1676 | Test: 1121
Local epoch 1/5 en Hospital_5
Local epoch 2/5 en Hospital_5
Local epoch 3/5 en Hospital_5
Local epoch 4/5 en Hospital_5
Local epoch 5/5 en Hospital_5
Hospital_5 -> Train Loss: 0.2170 | Train Acc: 0.8907

Entrenamiento local en Hospital_3...
Train: 345 | Val: 68 | Test: 50
Local epoch 1/5 en Hospital_3
Local epoch 2/5 en Hospital_3
Local epoch 3/5 en Hospital_3
Local epoch 4/5 en Hospital_3
Local epoch 5/5 en Hospital_3
Hospital_3 -> Train Loss: 0.0873 | Train Acc: 0.9913

Entrenamiento local en Hospital_1...
Train: 14587 | Val: 2915 | Test: 1952
Local epoch 1/5 en Hospital_1
Local epoch 2/5 en Hospital_1
Local epoch 3/5 en Hospital_1
Local epoch 4/5 en Hospital_1
Local epoch 5/5 en Hospital_1
Hospital_1 -> Train Loss: 0.0955 | Train Acc: 0.9784

Entrenamiento local en Hospital_4...
Train: 8655 | Val: 1730 | Test: 1157
Local epoch 1/5 en Hospital_4
Local epoch 2/5 en Hospital_4
Local epoch 3/5 en Hospital_4
Local epoch 4/5 en Hospital_4
Local epoch 5/5 en Hospital_4
Hospital_4 -> Train Loss: 0.0457 | Train Acc: 0.9845

5 modelos locales entrenados correctamente.

Agregando con FEDAVG...
Modelo global actualizado con FEDAVG.

=== Evaluación en VALIDACIÓN después de ronda 4 ===

Evaluación en Hospital_1...
Hospital_1 -> Val Loss: 0.7833 | Val Acc: 0.8545

Evaluación en Hospital_2...
Hospital_2 -> Val Loss: 0.4338 | Val Acc: 0.9988

Evaluación en Hospital_3...
Hospital_3 -> Val Loss: 0.7943 | Val Acc: 0.7206

Evaluación en Hospital_4...
Hospital_4 -> Val Loss: 0.8592 | Val Acc: 0.7861

Evaluación en Hospital_5...
Hospital_5 -> Val Loss: 1.7838 | Val Acc: 0.1092

Resultado medio:
Val Loss medio: 0.9309
Val Acc media:  0.6938

Resumen ronda 4:
Val Loss: 0.9309 | Val Acc: 0.6938

==============================
RONDA FEDERADA 5/5
==============================
Hospitales seleccionados en esta ronda: ['Hospital_5', 'Hospital_4', 'Hospital_1', 'Hospital_2', 'Hospital_3']

Entrenamiento local en Hospital_5...
Train: 8384 | Val: 1676 | Test: 1121
Local epoch 1/5 en Hospital_5
Local epoch 2/5 en Hospital_5
Local epoch 3/5 en Hospital_5
Local epoch 4/5 en Hospital_5
Local epoch 5/5 en Hospital_5
Hospital_5 -> Train Loss: 0.1652 | Train Acc: 0.9197

Entrenamiento local en Hospital_4...
Train: 8655 | Val: 1730 | Test: 1157
Local epoch 1/5 en Hospital_4
Local epoch 2/5 en Hospital_4
Local epoch 3/5 en Hospital_4
Local epoch 4/5 en Hospital_4
Local epoch 5/5 en Hospital_4
Hospital_4 -> Train Loss: 0.0391 | Train Acc: 0.9876

Entrenamiento local en Hospital_1...
Train: 14587 | Val: 2915 | Test: 1952
Local epoch 1/5 en Hospital_1
Local epoch 2/5 en Hospital_1
Local epoch 3/5 en Hospital_1
Local epoch 4/5 en Hospital_1
Local epoch 5/5 en Hospital_1
Hospital_1 -> Train Loss: 0.0839 | Train Acc: 0.9809

Entrenamiento local en Hospital_2...
Train: 12233 | Val: 2445 | Test: 1636
Local epoch 1/5 en Hospital_2
Local epoch 2/5 en Hospital_2
Local epoch 3/5 en Hospital_2
Local epoch 4/5 en Hospital_2
Local epoch 5/5 en Hospital_2
Hospital_2 -> Train Loss: 0.0247 | Train Acc: 0.9962

Entrenamiento local en Hospital_3...
Train: 345 | Val: 68 | Test: 50
Local epoch 1/5 en Hospital_3
Local epoch 2/5 en Hospital_3
Local epoch 3/5 en Hospital_3
Local epoch 4/5 en Hospital_3
Local epoch 5/5 en Hospital_3
Hospital_3 -> Train Loss: 0.0684 | Train Acc: 0.9913

5 modelos locales entrenados correctamente.

Agregando con FEDAVG...
Modelo global actualizado con FEDAVG.

=== Evaluación en VALIDACIÓN después de ronda 5 ===

Evaluación en Hospital_1...
Hospital_1 -> Val Loss: 0.6348 | Val Acc: 0.8686

Evaluación en Hospital_2...
Hospital_2 -> Val Loss: 0.3523 | Val Acc: 0.9971

Evaluación en Hospital_3...
Hospital_3 -> Val Loss: 0.7063 | Val Acc: 0.7353

Evaluación en Hospital_4...
Hospital_4 -> Val Loss: 0.6497 | Val Acc: 0.8566

Evaluación en Hospital_5...
Hospital_5 -> Val Loss: 1.6598 | Val Acc: 0.1092

Resultado medio:
Val Loss medio: 0.8006
Val Acc media:  0.7134

Resumen ronda 5:
Val Loss: 0.8006 | Val Acc: 0.7134

==============================
RESUMEN FINAL POR RONDAS
==============================
Ronda 1 -> Val Loss: 1.5533 | Val Acc: 0.5584
Ronda 2 -> Val Loss: 1.2960 | Val Acc: 0.5451
Ronda 3 -> Val Loss: 1.0983 | Val Acc: 0.5552
Ronda 4 -> Val Loss: 0.9309 | Val Acc: 0.6938
Ronda 5 -> Val Loss: 0.8006 | Val Acc: 0.7134

==============================
EVALUACIÓN FINAL EN TEST
==============================

Evaluación final en Hospital_1...
Hospital_1 -> Test Loss: 0.6488 | Test Acc: 0.8576

Evaluación final en Hospital_2...
Hospital_2 -> Test Loss: 0.3550 | Test Acc: 0.9969

Evaluación final en Hospital_3...
Hospital_3 -> Test Loss: 0.6141 | Test Acc: 0.8200

Evaluación final en Hospital_4...
Hospital_4 -> Test Loss: 0.6737 | Test Acc: 0.8470

Evaluación final en Hospital_5...
Hospital_5 -> Test Loss: 1.6166 | Test Acc: 0.1106

Resultado final en test:
Test Loss medio: 0.7816
Test Acc media:  0.7264

Resultados guardados en: C:\Users\maria\Desktop\UNI\TGF\TFG\escenarios\non_iid\scripts_non_iid\../results_non_iid/fedavg\fedavg_resultados.txt
